This file contains any messages produced by compilers while
running configure, to aid debugging if configure makes a mistake.

It was created by ircd-hybrid configure 7.2.2, which was
generated by GNU Autoconf 2.60.  Invocation command line was

  $ ./configure --with-nicklen=12 --prefix=/home/pi/eircd

## --------- ##
## Platform. ##
## --------- ##

hostname = sponji.wtf.im
uname -m = armv6l
uname -r = 3.18.11+
uname -s = Linux
uname -v = #781 PREEMPT Tue Apr 21 18:02:18 BST 2015

/usr/bin/uname -p = unknown
/bin/uname -X     = unknown

/bin/arch              = unknown
/usr/bin/arch -k       = unknown
/usr/convex/getsysinfo = unknown
/usr/bin/hostinfo      = unknown
/bin/machine           = unknown
/usr/bin/oslevel       = unknown
/bin/universe          = unknown

PATH: /usr/local/sbin
PATH: /usr/local/bin
PATH: /usr/sbin
PATH: /usr/bin
PATH: /sbin
PATH: /bin
PATH: /usr/local/games
PATH: /usr/games


## ----------- ##
## Core tests. ##
## ----------- ##

configure:1806: checking for gcc
configure:1822: found /usr/bin/gcc
configure:1833: result: gcc
configure:2071: checking for C compiler version
configure:2078: gcc --version >&5
gcc (Debian 4.6.3-14+rpi1) 4.6.3
Copyright (C) 2011 Free Software Foundation, Inc.
This is free software; see the source for copying conditions.  There is NO
warranty; not even for MERCHANTABILITY or FITNESS FOR A PARTICULAR PURPOSE.

configure:2081: $? = 0
configure:2088: gcc -v >&5
Using built-in specs.
COLLECT_GCC=gcc
COLLECT_LTO_WRAPPER=/usr/lib/gcc/arm-linux-gnueabihf/4.6/lto-wrapper
Target: arm-linux-gnueabihf
Configured with: ../src/configure -v --with-pkgversion='Debian 4.6.3-14+rpi1' --with-bugurl=file:///usr/share/doc/gcc-4.6/README.Bugs --enable-languages=c,c++,fortran,objc,obj-c++ --prefix=/usr --program-suffix=-4.6 --enable-shared --enable-linker-build-id --with-system-zlib --libexecdir=/usr/lib --without-included-gettext --enable-threads=posix --with-gxx-include-dir=/usr/include/c++/4.6 --libdir=/usr/lib --enable-nls --with-sysroot=/ --enable-clocale=gnu --enable-libstdcxx-debug --enable-libstdcxx-time=yes --enable-gnu-unique-object --enable-plugin --enable-objc-gc --disable-sjlj-exceptions --with-arch=armv6 --with-fpu=vfp --with-float=hard --enable-checking=release --build=arm-linux-gnueabihf --host=arm-linux-gnueabihf --target=arm-linux-gnueabihf
Thread model: posix
gcc version 4.6.3 (Debian 4.6.3-14+rpi1) 
configure:2091: $? = 0
configure:2098: gcc -V >&5
gcc: error: unrecognized option '-V'
gcc: fatal error: no input files
compilation terminated.
configure:2101: $? = 4
configure:2124: checking for C compiler default output file name
configure:2151: gcc    conftest.c  >&5
configure:2154: $? = 0
configure:2200: result: a.out
configure:2205: checking whether the C compiler works
configure:2215: ./a.out
configure:2218: $? = 0
configure:2235: result: yes
configure:2242: checking whether we are cross compiling
configure:2244: result: no
configure:2247: checking for suffix of executables
configure:2254: gcc -o conftest    conftest.c  >&5
configure:2257: $? = 0
configure:2281: result: 
configure:2287: checking for suffix of object files
configure:2313: gcc -c   conftest.c >&5
configure:2316: $? = 0
configure:2339: result: o
configure:2343: checking whether we are using the GNU C compiler
configure:2372: gcc -c   conftest.c >&5
configure:2378: $? = 0
configure:2385: test -z "$ac_c_werror_flag" || test ! -s conftest.err
configure:2388: $? = 0
configure:2395: test -s conftest.o
configure:2398: $? = 0
configure:2412: result: yes
configure:2417: checking whether gcc accepts -g
configure:2447: gcc -c -g  conftest.c >&5
configure:2453: $? = 0
configure:2460: test -z "$ac_c_werror_flag" || test ! -s conftest.err
configure:2463: $? = 0
configure:2470: test -s conftest.o
configure:2473: $? = 0
configure:2603: result: yes
configure:2620: checking for gcc option to accept ISO C89
configure:2694: gcc  -c -g -O2  conftest.c >&5
configure:2700: $? = 0
configure:2707: test -z "$ac_c_werror_flag" || test ! -s conftest.err
configure:2710: $? = 0
configure:2717: test -s conftest.o
configure:2720: $? = 0
configure:2740: result: none needed
configure:2827: checking uname -s for Cygwin, Solaris or HPUX
configure:2857: result: no
configure:2863: checking if gcc is Apple GCC
configure:2872: result: no
configure:2886: checking if gcc supports the SVR4 SGS interfaces
configure:2892: result: no
configure:2898: checking for mkdep
configure:2931: result: no
configure:2938: checking for makedepend
configure:2971: result: no
configure:2977: checking how to generate dependency info
configure:2983: result: gcc -MM
configure:3013: checking for /dev/null
configure:3021: result: yes
configure:3038: checking for library containing strerror
configure:3079: gcc -o conftest    conftest.c  >&5
configure:3085: $? = 0
configure:3092: test -z "$ac_c_werror_flag" || test ! -s conftest.err
configure:3095: $? = 0
configure:3102: test -s conftest
configure:3105: $? = 0
configure:3129: result: none required
configure:3137: checking for inline
configure:3163: gcc -c   conftest.c >&5
configure:3169: $? = 0
configure:3176: test -z "$ac_c_werror_flag" || test ! -s conftest.err
configure:3179: $? = 0
configure:3186: test -s conftest.o
configure:3189: $? = 0
configure:3204: result: inline
configure:3228: checking how to run the C preprocessor
configure:3268: gcc -E  conftest.c
configure:3274: $? = 0
configure:3312: gcc -E  conftest.c
conftest.c:10:28: fatal error: ac_nonexistent.h: No such file or directory
compilation terminated.
configure:3318: $? = 1
configure: failed program was:
| /* confdefs.h.  */
| #define PACKAGE_NAME "ircd-hybrid"
| #define PACKAGE_TARNAME "ircd-hybrid"
| #define PACKAGE_VERSION "7.2.2"
| #define PACKAGE_STRING "ircd-hybrid 7.2.2"
| #define PACKAGE_BUGREPORT ""
| #define _GNU_SOURCE 1
| #define PATH_DEVNULL "/dev/null"
| /* end confdefs.h.  */
| #include <ac_nonexistent.h>
configure:3358: result: gcc -E
configure:3387: gcc -E  conftest.c
configure:3393: $? = 0
configure:3431: gcc -E  conftest.c
conftest.c:10:28: fatal error: ac_nonexistent.h: No such file or directory
compilation terminated.
configure:3437: $? = 1
configure: failed program was:
| /* confdefs.h.  */
| #define PACKAGE_NAME "ircd-hybrid"
| #define PACKAGE_TARNAME "ircd-hybrid"
| #define PACKAGE_VERSION "7.2.2"
| #define PACKAGE_STRING "ircd-hybrid 7.2.2"
| #define PACKAGE_BUGREPORT ""
| #define _GNU_SOURCE 1
| #define PATH_DEVNULL "/dev/null"
| /* end confdefs.h.  */
| #include <ac_nonexistent.h>
configure:3482: checking for grep that handles long lines and -e
configure:3556: result: /bin/grep
configure:3561: checking for egrep
configure:3639: result: /bin/grep -E
configure:3645: checking whether gcc needs -traditional
configure:3687: result: no
configure:3694: checking whether make sets $(MAKE)
configure:3715: result: yes
configure:3768: checking for a BSD-compatible install
configure:3824: result: /usr/bin/install -c
configure:3837: checking for rm
configure:3855: found /bin/rm
configure:3867: result: /bin/rm
configure:3877: checking for cp
configure:3895: found /bin/cp
configure:3907: result: /bin/cp
configure:3917: checking for mv
configure:3935: found /bin/mv
configure:3947: result: /bin/mv
configure:3957: checking for ln
configure:3975: found /bin/ln
configure:3987: result: /bin/ln
configure:3997: checking for sed
configure:4015: found /bin/sed
configure:4027: result: /bin/sed
configure:4037: checking for ar
configure:4055: found /usr/bin/ar
configure:4067: result: /usr/bin/ar
configure:4077: checking for ld
configure:4095: found /usr/bin/ld
configure:4107: result: /usr/bin/ld
configure:4117: checking for test
configure:4135: found /usr/bin/test
configure:4148: result: /usr/bin/test
configure:4163: checking for ANSI C header files
configure:4193: gcc -c   conftest.c >&5
configure:4199: $? = 0
configure:4206: test -z "$ac_c_werror_flag" || test ! -s conftest.err
configure:4209: $? = 0
configure:4216: test -s conftest.o
configure:4219: $? = 0
configure:4315: gcc -o conftest    conftest.c  >&5
configure:4318: $? = 0
configure:4324: ./conftest
configure:4327: $? = 0
configure:4344: result: yes
configure:4369: checking for sys/types.h
configure:4390: gcc -c   conftest.c >&5
configure:4396: $? = 0
configure:4403: test -z "$ac_c_werror_flag" || test ! -s conftest.err
configure:4406: $? = 0
configure:4413: test -s conftest.o
configure:4416: $? = 0
configure:4429: result: yes
configure:4369: checking for sys/stat.h
configure:4390: gcc -c   conftest.c >&5
configure:4396: $? = 0
configure:4403: test -z "$ac_c_werror_flag" || test ! -s conftest.err
configure:4406: $? = 0
configure:4413: test -s conftest.o
configure:4416: $? = 0
configure:4429: result: yes
configure:4369: checking for stdlib.h
configure:4390: gcc -c   conftest.c >&5
configure:4396: $? = 0
configure:4403: test -z "$ac_c_werror_flag" || test ! -s conftest.err
configure:4406: $? = 0
configure:4413: test -s conftest.o
configure:4416: $? = 0
configure:4429: result: yes
configure:4369: checking for string.h
configure:4390: gcc -c   conftest.c >&5
configure:4396: $? = 0
configure:4403: test -z "$ac_c_werror_flag" || test ! -s conftest.err
configure:4406: $? = 0
configure:4413: test -s conftest.o
configure:4416: $? = 0
configure:4429: result: yes
configure:4369: checking for memory.h
configure:4390: gcc -c   conftest.c >&5
configure:4396: $? = 0
configure:4403: test -z "$ac_c_werror_flag" || test ! -s conftest.err
configure:4406: $? = 0
configure:4413: test -s conftest.o
configure:4416: $? = 0
configure:4429: result: yes
configure:4369: checking for strings.h
configure:4390: gcc -c   conftest.c >&5
configure:4396: $? = 0
configure:4403: test -z "$ac_c_werror_flag" || test ! -s conftest.err
configure:4406: $? = 0
configure:4413: test -s conftest.o
configure:4416: $? = 0
configure:4429: result: yes
configure:4369: checking for inttypes.h
configure:4390: gcc -c   conftest.c >&5
configure:4396: $? = 0
configure:4403: test -z "$ac_c_werror_flag" || test ! -s conftest.err
configure:4406: $? = 0
configure:4413: test -s conftest.o
configure:4416: $? = 0
configure:4429: result: yes
configure:4369: checking for stdint.h
configure:4390: gcc -c   conftest.c >&5
configure:4396: $? = 0
configure:4403: test -z "$ac_c_werror_flag" || test ! -s conftest.err
configure:4406: $? = 0
configure:4413: test -s conftest.o
configure:4416: $? = 0
configure:4429: result: yes
configure:4369: checking for unistd.h
configure:4390: gcc -c   conftest.c >&5
configure:4396: $? = 0
configure:4403: test -z "$ac_c_werror_flag" || test ! -s conftest.err
configure:4406: $? = 0
configure:4413: test -s conftest.o
configure:4416: $? = 0
configure:4429: result: yes
configure:4467: checking crypt.h usability
configure:4484: gcc -c   conftest.c >&5
configure:4490: $? = 0
configure:4497: test -z "$ac_c_werror_flag" || test ! -s conftest.err
configure:4500: $? = 0
configure:4507: test -s conftest.o
configure:4510: $? = 0
configure:4521: result: yes
configure:4525: checking crypt.h presence
configure:4540: gcc -E  conftest.c
configure:4546: $? = 0
configure:4567: result: yes
configure:4595: checking for crypt.h
configure:4603: result: yes
configure:4457: checking for inttypes.h
configure:4463: result: yes
configure:4457: checking for stdint.h
configure:4463: result: yes
configure:4467: checking sys/resource.h usability
configure:4484: gcc -c   conftest.c >&5
configure:4490: $? = 0
configure:4497: test -z "$ac_c_werror_flag" || test ! -s conftest.err
configure:4500: $? = 0
configure:4507: test -s conftest.o
configure:4510: $? = 0
configure:4521: result: yes
configure:4525: checking sys/resource.h presence
configure:4540: gcc -E  conftest.c
configure:4546: $? = 0
configure:4567: result: yes
configure:4595: checking for sys/resource.h
configure:4603: result: yes
configure:4467: checking sys/param.h usability
configure:4484: gcc -c   conftest.c >&5
configure:4490: $? = 0
configure:4497: test -z "$ac_c_werror_flag" || test ! -s conftest.err
configure:4500: $? = 0
configure:4507: test -s conftest.o
configure:4510: $? = 0
configure:4521: result: yes
configure:4525: checking sys/param.h presence
configure:4540: gcc -E  conftest.c
configure:4546: $? = 0
configure:4567: result: yes
configure:4595: checking for sys/param.h
configure:4603: result: yes
configure:4467: checking errno.h usability
configure:4484: gcc -c   conftest.c >&5
configure:4490: $? = 0
configure:4497: test -z "$ac_c_werror_flag" || test ! -s conftest.err
configure:4500: $? = 0
configure:4507: test -s conftest.o
configure:4510: $? = 0
configure:4521: result: yes
configure:4525: checking errno.h presence
configure:4540: gcc -E  conftest.c
configure:4546: $? = 0
configure:4567: result: yes
configure:4595: checking for errno.h
configure:4603: result: yes
configure:4467: checking sys/syslog.h usability
configure:4484: gcc -c   conftest.c >&5
configure:4490: $? = 0
configure:4497: test -z "$ac_c_werror_flag" || test ! -s conftest.err
configure:4500: $? = 0
configure:4507: test -s conftest.o
configure:4510: $? = 0
configure:4521: result: yes
configure:4525: checking sys/syslog.h presence
configure:4540: gcc -E  conftest.c
configure:4546: $? = 0
configure:4567: result: yes
configure:4595: checking for sys/syslog.h
configure:4603: result: yes
configure:4467: checking stddef.h usability
configure:4484: gcc -c   conftest.c >&5
configure:4490: $? = 0
configure:4497: test -z "$ac_c_werror_flag" || test ! -s conftest.err
configure:4500: $? = 0
configure:4507: test -s conftest.o
configure:4510: $? = 0
configure:4521: result: yes
configure:4525: checking stddef.h presence
configure:4540: gcc -E  conftest.c
configure:4546: $? = 0
configure:4567: result: yes
configure:4595: checking for stddef.h
configure:4603: result: yes
configure:4467: checking libgen.h usability
configure:4484: gcc -c   conftest.c >&5
configure:4490: $? = 0
configure:4497: test -z "$ac_c_werror_flag" || test ! -s conftest.err
configure:4500: $? = 0
configure:4507: test -s conftest.o
configure:4510: $? = 0
configure:4521: result: yes
configure:4525: checking libgen.h presence
configure:4540: gcc -E  conftest.c
configure:4546: $? = 0
configure:4567: result: yes
configure:4595: checking for libgen.h
configure:4603: result: yes
configure:4467: checking sys/wait.h usability
configure:4484: gcc -c   conftest.c >&5
configure:4490: $? = 0
configure:4497: test -z "$ac_c_werror_flag" || test ! -s conftest.err
configure:4500: $? = 0
configure:4507: test -s conftest.o
configure:4510: $? = 0
configure:4521: result: yes
configure:4525: checking sys/wait.h presence
configure:4540: gcc -E  conftest.c
configure:4546: $? = 0
configure:4567: result: yes
configure:4595: checking for sys/wait.h
configure:4603: result: yes
configure:4467: checking wait.h usability
configure:4484: gcc -c   conftest.c >&5
configure:4490: $? = 0
configure:4497: test -z "$ac_c_werror_flag" || test ! -s conftest.err
configure:4500: $? = 0
configure:4507: test -s conftest.o
configure:4510: $? = 0
configure:4521: result: yes
configure:4525: checking wait.h presence
configure:4540: gcc -E  conftest.c
configure:4546: $? = 0
configure:4567: result: yes
configure:4595: checking for wait.h
configure:4603: result: yes
configure:4467: checking link.h usability
configure:4484: gcc -c   conftest.c >&5
configure:4490: $? = 0
configure:4497: test -z "$ac_c_werror_flag" || test ! -s conftest.err
configure:4500: $? = 0
configure:4507: test -s conftest.o
configure:4510: $? = 0
configure:4521: result: yes
configure:4525: checking link.h presence
configure:4540: gcc -E  conftest.c
configure:4546: $? = 0
configure:4567: result: yes
configure:4595: checking for link.h
configure:4603: result: yes
configure:4618: checking for library containing socket
configure:4659: gcc -o conftest    conftest.c  >&5
configure:4665: $? = 0
configure:4672: test -z "$ac_c_werror_flag" || test ! -s conftest.err
configure:4675: $? = 0
configure:4682: test -s conftest
configure:4685: $? = 0
configure:4709: result: none required
configure:4722: checking for library containing inet_aton
configure:4763: gcc -o conftest    conftest.c  >&5
configure:4769: $? = 0
configure:4776: test -z "$ac_c_werror_flag" || test ! -s conftest.err
configure:4779: $? = 0
configure:4786: test -s conftest
configure:4789: $? = 0
configure:4813: result: none required
configure:4827: checking for library containing inet_pton
configure:4868: gcc -o conftest    conftest.c  >&5
configure:4874: $? = 0
configure:4881: test -z "$ac_c_werror_flag" || test ! -s conftest.err
configure:4884: $? = 0
configure:4891: test -s conftest
configure:4894: $? = 0
configure:4918: result: none required
configure:4932: checking for library containing inet_ntop
configure:4973: gcc -o conftest    conftest.c  >&5
configure:4979: $? = 0
configure:4986: test -z "$ac_c_werror_flag" || test ! -s conftest.err
configure:4989: $? = 0
configure:4996: test -s conftest
configure:4999: $? = 0
configure:5023: result: none required
configure:5043: checking for struct sockaddr_storage
configure:5076: gcc -c   conftest.c >&5
configure:5082: $? = 0
configure:5089: test -z "$ac_c_werror_flag" || test ! -s conftest.err
configure:5092: $? = 0
configure:5099: test -s conftest.o
configure:5102: $? = 0
configure:5114: result: yes
configure:5264: checking for struct addrinfo
configure:5295: gcc -c   conftest.c >&5
configure:5301: $? = 0
configure:5308: test -z "$ac_c_werror_flag" || test ! -s conftest.err
configure:5311: $? = 0
configure:5318: test -s conftest.o
configure:5321: $? = 0
configure:5333: result: yes
configure:5345: checking for socklen_t
configure:5377: gcc -c   conftest.c >&5
configure:5383: $? = 0
configure:5390: test -z "$ac_c_werror_flag" || test ! -s conftest.err
configure:5393: $? = 0
configure:5400: test -s conftest.o
configure:5403: $? = 0
configure:5415: result: yes
configure:5430: checking for broken glibc with __ss_family
configure:5454: gcc -c   conftest.c >&5
conftest.c: In function 'main':
conftest.c:39:29: error: 'struct sockaddr_storage' has no member named '__ss_family'
configure:5460: $? = 1
configure: failed program was:
| /* confdefs.h.  */
| #define PACKAGE_NAME "ircd-hybrid"
| #define PACKAGE_TARNAME "ircd-hybrid"
| #define PACKAGE_VERSION "7.2.2"
| #define PACKAGE_STRING "ircd-hybrid 7.2.2"
| #define PACKAGE_BUGREPORT ""
| #define _GNU_SOURCE 1
| #define PATH_DEVNULL "/dev/null"
| #define STDC_HEADERS 1
| #define HAVE_SYS_TYPES_H 1
| #define HAVE_SYS_STAT_H 1
| #define HAVE_STDLIB_H 1
| #define HAVE_STRING_H 1
| #define HAVE_MEMORY_H 1
| #define HAVE_STRINGS_H 1
| #define HAVE_INTTYPES_H 1
| #define HAVE_STDINT_H 1
| #define HAVE_UNISTD_H 1
| #define HAVE_CRYPT_H 1
| #define HAVE_INTTYPES_H 1
| #define HAVE_STDINT_H 1
| #define HAVE_SYS_RESOURCE_H 1
| #define HAVE_SYS_PARAM_H 1
| #define HAVE_ERRNO_H 1
| #define HAVE_SYS_SYSLOG_H 1
| #define HAVE_STDDEF_H 1
| #define HAVE_LIBGEN_H 1
| #define HAVE_SYS_WAIT_H 1
| #define HAVE_WAIT_H 1
| #define HAVE_LINK_H 1
| #define HAVE_STRUCT_SOCKADDR_STORAGE 1
| #define HAVE_STRUCT_ADDRINFO 1
| /* end confdefs.h.  */
| #include <sys/types.h>
| #include <sys/socket.h>
| int
| main ()
| {
| struct sockaddr_storage s; s.__ss_family = AF_INET;
|   ;
|   return 0;
| }
configure:5495: result: no
configure:5503: checking for core IPv6 support
configure:5531: gcc -c   conftest.c >&5
configure:5537: $? = 0
configure:5544: test -z "$ac_c_werror_flag" || test ! -s conftest.err
configure:5547: $? = 0
configure:5554: test -s conftest.o
configure:5557: $? = 0
configure:5571: result: yes
configure:5573: checking for struct in6addr_any
configure:5598: gcc -c   conftest.c >&5
configure:5604: $? = 0
configure:5611: test -z "$ac_c_werror_flag" || test ! -s conftest.err
configure:5614: $? = 0
configure:5621: test -s conftest.o
configure:5624: $? = 0
configure:5626: result: yes
configure:5659: checking for library containing crypt
configure:5700: gcc -o conftest    conftest.c  >&5
/tmp/ccGqW5yB.o: In function `main':
conftest.c:(.text+0x8): undefined reference to `crypt'
collect2: ld returned 1 exit status
configure:5706: $? = 1
configure: failed program was:
| /* confdefs.h.  */
| #define PACKAGE_NAME "ircd-hybrid"
| #define PACKAGE_TARNAME "ircd-hybrid"
| #define PACKAGE_VERSION "7.2.2"
| #define PACKAGE_STRING "ircd-hybrid 7.2.2"
| #define PACKAGE_BUGREPORT ""
| #define _GNU_SOURCE 1
| #define PATH_DEVNULL "/dev/null"
| #define STDC_HEADERS 1
| #define HAVE_SYS_TYPES_H 1
| #define HAVE_SYS_STAT_H 1
| #define HAVE_STDLIB_H 1
| #define HAVE_STRING_H 1
| #define HAVE_MEMORY_H 1
| #define HAVE_STRINGS_H 1
| #define HAVE_INTTYPES_H 1
| #define HAVE_STDINT_H 1
| #define HAVE_UNISTD_H 1
| #define HAVE_CRYPT_H 1
| #define HAVE_INTTYPES_H 1
| #define HAVE_STDINT_H 1
| #define HAVE_SYS_RESOURCE_H 1
| #define HAVE_SYS_PARAM_H 1
| #define HAVE_ERRNO_H 1
| #define HAVE_SYS_SYSLOG_H 1
| #define HAVE_STDDEF_H 1
| #define HAVE_LIBGEN_H 1
| #define HAVE_SYS_WAIT_H 1
| #define HAVE_WAIT_H 1
| #define HAVE_LINK_H 1
| #define HAVE_STRUCT_SOCKADDR_STORAGE 1
| #define HAVE_STRUCT_ADDRINFO 1
| #define IPV6 1
| /* end confdefs.h.  */
| 
| /* Override any GCC internal prototype to avoid an error.
|    Use char because int might match the return type of a GCC
|    builtin and then its argument prototype would still apply.  */
| #ifdef __cplusplus
| extern "C"
| #endif
| char crypt ();
| int
| main ()
| {
| return crypt ();
|   ;
|   return 0;
| }
configure:5700: gcc -o conftest    conftest.c -lcrypt   >&5
configure:5706: $? = 0
configure:5713: test -z "$ac_c_werror_flag" || test ! -s conftest.err
configure:5716: $? = 0
configure:5723: test -s conftest
configure:5726: $? = 0
configure:5750: result: -lcrypt
configure:5771: checking whether string.h and strings.h may both be included
configure:5787: gcc -c   conftest.c >&5
configure:5793: $? = 0
configure:5800: test -z "$ac_c_werror_flag" || test ! -s conftest.err
configure:5803: $? = 0
configure:5810: test -s conftest.o
configure:5813: $? = 0
configure:5826: result: yes
configure:5837: checking whether byte ordering is bigendian
configure:5869: gcc -c   conftest.c >&5
configure:5875: $? = 0
configure:5882: test -z "$ac_c_werror_flag" || test ! -s conftest.err
configure:5885: $? = 0
configure:5892: test -s conftest.o
configure:5895: $? = 0
configure:5924: gcc -c   conftest.c >&5
conftest.c: In function 'main':
conftest.c:43:2: error: unknown type name 'not'
conftest.c:43:10: error: expected '=', ',', ';', 'asm' or '__attribute__' before 'endian'
configure:5930: $? = 1
configure: failed program was:
| /* confdefs.h.  */
| #define PACKAGE_NAME "ircd-hybrid"
| #define PACKAGE_TARNAME "ircd-hybrid"
| #define PACKAGE_VERSION "7.2.2"
| #define PACKAGE_STRING "ircd-hybrid 7.2.2"
| #define PACKAGE_BUGREPORT ""
| #define _GNU_SOURCE 1
| #define PATH_DEVNULL "/dev/null"
| #define STDC_HEADERS 1
| #define HAVE_SYS_TYPES_H 1
| #define HAVE_SYS_STAT_H 1
| #define HAVE_STDLIB_H 1
| #define HAVE_STRING_H 1
| #define HAVE_MEMORY_H 1
| #define HAVE_STRINGS_H 1
| #define HAVE_INTTYPES_H 1
| #define HAVE_STDINT_H 1
| #define HAVE_UNISTD_H 1
| #define HAVE_CRYPT_H 1
| #define HAVE_INTTYPES_H 1
| #define HAVE_STDINT_H 1
| #define HAVE_SYS_RESOURCE_H 1
| #define HAVE_SYS_PARAM_H 1
| #define HAVE_ERRNO_H 1
| #define HAVE_SYS_SYSLOG_H 1
| #define HAVE_STDDEF_H 1
| #define HAVE_LIBGEN_H 1
| #define HAVE_SYS_WAIT_H 1
| #define HAVE_WAIT_H 1
| #define HAVE_LINK_H 1
| #define HAVE_STRUCT_SOCKADDR_STORAGE 1
| #define HAVE_STRUCT_ADDRINFO 1
| #define IPV6 1
| #define STRING_WITH_STRINGS 1
| /* end confdefs.h.  */
| #include <sys/types.h>
| #include <sys/param.h>
| 
| int
| main ()
| {
| #if BYTE_ORDER != BIG_ENDIAN
|  not big endian
| #endif
| 
|   ;
|   return 0;
| }
configure:6104: result: no
configure:6134: checking stdarg.h usability
configure:6151: gcc -c   conftest.c >&5
configure:6157: $? = 0
configure:6164: test -z "$ac_c_werror_flag" || test ! -s conftest.err
configure:6167: $? = 0
configure:6174: test -s conftest.o
configure:6177: $? = 0
configure:6188: result: yes
configure:6192: checking stdarg.h presence
configure:6207: gcc -E  conftest.c
configure:6213: $? = 0
configure:6234: result: yes
configure:6262: checking for stdarg.h
configure:6269: result: yes
configure:6286: checking for strlcpy
configure:6315: gcc -o conftest  -Wimplicit -Werror   conftest.c -lcrypt  >&5
conftest.c: In function 'main':
conftest.c:42:3: error: implicit declaration of function 'strlcpy' [-Werror=implicit-function-declaration]
cc1: all warnings being treated as errors
configure:6321: $? = 1
configure: failed program was:
| /* confdefs.h.  */
| #define PACKAGE_NAME "ircd-hybrid"
| #define PACKAGE_TARNAME "ircd-hybrid"
| #define PACKAGE_VERSION "7.2.2"
| #define PACKAGE_STRING "ircd-hybrid 7.2.2"
| #define PACKAGE_BUGREPORT ""
| #define _GNU_SOURCE 1
| #define PATH_DEVNULL "/dev/null"
| #define STDC_HEADERS 1
| #define HAVE_SYS_TYPES_H 1
| #define HAVE_SYS_STAT_H 1
| #define HAVE_STDLIB_H 1
| #define HAVE_STRING_H 1
| #define HAVE_MEMORY_H 1
| #define HAVE_STRINGS_H 1
| #define HAVE_INTTYPES_H 1
| #define HAVE_STDINT_H 1
| #define HAVE_UNISTD_H 1
| #define HAVE_CRYPT_H 1
| #define HAVE_INTTYPES_H 1
| #define HAVE_STDINT_H 1
| #define HAVE_SYS_RESOURCE_H 1
| #define HAVE_SYS_PARAM_H 1
| #define HAVE_ERRNO_H 1
| #define HAVE_SYS_SYSLOG_H 1
| #define HAVE_STDDEF_H 1
| #define HAVE_LIBGEN_H 1
| #define HAVE_SYS_WAIT_H 1
| #define HAVE_WAIT_H 1
| #define HAVE_LINK_H 1
| #define HAVE_STRUCT_SOCKADDR_STORAGE 1
| #define HAVE_STRUCT_ADDRINFO 1
| #define IPV6 1
| #define STRING_WITH_STRINGS 1
| /* end confdefs.h.  */
| #include <string.h>
| 		#include <stdlib.h>
| int
| main ()
| {
| char *a = malloc(6), *b = strdup("hello");
| 		strlcpy(a, b, 6);
| 
|   ;
|   return 0;
| }
configure:6354: result: no
configure:6362: checking for strlcat
configure:6388: gcc -o conftest  -Wimplicit -Werror   conftest.c -lcrypt  >&5
conftest.c: In function 'main':
conftest.c:42:3: error: implicit declaration of function 'strlcat' [-Werror=implicit-function-declaration]
cc1: all warnings being treated as errors
configure:6394: $? = 1
configure: failed program was:
| /* confdefs.h.  */
| #define PACKAGE_NAME "ircd-hybrid"
| #define PACKAGE_TARNAME "ircd-hybrid"
| #define PACKAGE_VERSION "7.2.2"
| #define PACKAGE_STRING "ircd-hybrid 7.2.2"
| #define PACKAGE_BUGREPORT ""
| #define _GNU_SOURCE 1
| #define PATH_DEVNULL "/dev/null"
| #define STDC_HEADERS 1
| #define HAVE_SYS_TYPES_H 1
| #define HAVE_SYS_STAT_H 1
| #define HAVE_STDLIB_H 1
| #define HAVE_STRING_H 1
| #define HAVE_MEMORY_H 1
| #define HAVE_STRINGS_H 1
| #define HAVE_INTTYPES_H 1
| #define HAVE_STDINT_H 1
| #define HAVE_UNISTD_H 1
| #define HAVE_CRYPT_H 1
| #define HAVE_INTTYPES_H 1
| #define HAVE_STDINT_H 1
| #define HAVE_SYS_RESOURCE_H 1
| #define HAVE_SYS_PARAM_H 1
| #define HAVE_ERRNO_H 1
| #define HAVE_SYS_SYSLOG_H 1
| #define HAVE_STDDEF_H 1
| #define HAVE_LIBGEN_H 1
| #define HAVE_SYS_WAIT_H 1
| #define HAVE_WAIT_H 1
| #define HAVE_LINK_H 1
| #define HAVE_STRUCT_SOCKADDR_STORAGE 1
| #define HAVE_STRUCT_ADDRINFO 1
| #define IPV6 1
| #define STRING_WITH_STRINGS 1
| /* end confdefs.h.  */
| #include <string.h>
| 		#include <stdlib.h>
| int
| main ()
| {
| char *a = malloc(6), *b = strdup("hello");
| 		strlcat(a, b, 6);
| 
|   ;
|   return 0;
| }
configure:6427: result: no
configure:6554: checking for int64_t
configure:6584: gcc -c   conftest.c >&5
configure:6590: $? = 0
configure:6597: test -z "$ac_c_werror_flag" || test ! -s conftest.err
configure:6600: $? = 0
configure:6607: test -s conftest.o
configure:6610: $? = 0
configure:6622: result: yes
configure:6625: checking size of int64_t
configure:7013: gcc -o conftest    conftest.c -lcrypt  >&5
configure:7016: $? = 0
configure:7022: ./conftest
configure:7025: $? = 0
configure:7047: result: 8
configure:7054: checking for long long
configure:7084: gcc -c   conftest.c >&5
configure:7090: $? = 0
configure:7097: test -z "$ac_c_werror_flag" || test ! -s conftest.err
configure:7100: $? = 0
configure:7107: test -s conftest.o
configure:7110: $? = 0
configure:7122: result: yes
configure:7125: checking size of long long
configure:7513: gcc -o conftest    conftest.c -lcrypt  >&5
configure:7516: $? = 0
configure:7522: ./conftest
configure:7525: $? = 0
configure:7547: result: 8
configure:7556: checking for uint64_t
configure:7586: gcc -c   conftest.c >&5
configure:7592: $? = 0
configure:7599: test -z "$ac_c_werror_flag" || test ! -s conftest.err
configure:7602: $? = 0
configure:7609: test -s conftest.o
configure:7612: $? = 0
configure:7624: result: yes
configure:7627: checking for int64_t
configure:7695: result: yes
configure:7865: checking for u_int32_t
configure:7895: gcc -c   conftest.c >&5
configure:7901: $? = 0
configure:7908: test -z "$ac_c_werror_flag" || test ! -s conftest.err
configure:7911: $? = 0
configure:7918: test -s conftest.o
configure:7921: $? = 0
configure:7933: result: yes
configure:8033: checking for u_int16_t
configure:8063: gcc -c   conftest.c >&5
configure:8069: $? = 0
configure:8076: test -z "$ac_c_werror_flag" || test ! -s conftest.err
configure:8079: $? = 0
configure:8086: test -s conftest.o
configure:8089: $? = 0
configure:8101: result: yes
configure:8201: checking for in_port_t
configure:8233: gcc -c   conftest.c >&5
configure:8239: $? = 0
configure:8246: test -z "$ac_c_werror_flag" || test ! -s conftest.err
configure:8249: $? = 0
configure:8256: test -s conftest.o
configure:8259: $? = 0
configure:8271: result: yes
configure:8284: checking for sa_family_t
configure:8316: gcc -c   conftest.c >&5
configure:8322: $? = 0
configure:8329: test -z "$ac_c_werror_flag" || test ! -s conftest.err
configure:8332: $? = 0
configure:8339: test -s conftest.o
configure:8342: $? = 0
configure:8354: result: yes
configure:8379: checking for socketpair
configure:8435: gcc -o conftest    conftest.c -lcrypt  >&5
configure:8441: $? = 0
configure:8448: test -z "$ac_c_werror_flag" || test ! -s conftest.err
configure:8451: $? = 0
configure:8458: test -s conftest
configure:8461: $? = 0
configure:8475: result: yes
configure:8379: checking for basename
configure:8435: gcc -o conftest    conftest.c -lcrypt  >&5
configure:8441: $? = 0
configure:8448: test -z "$ac_c_werror_flag" || test ! -s conftest.err
configure:8451: $? = 0
configure:8458: test -s conftest
configure:8461: $? = 0
configure:8475: result: yes
configure:8379: checking for mmap
configure:8435: gcc -o conftest    conftest.c -lcrypt  >&5
configure:8441: $? = 0
configure:8448: test -z "$ac_c_werror_flag" || test ! -s conftest.err
configure:8451: $? = 0
configure:8458: test -s conftest
configure:8461: $? = 0
configure:8475: result: yes
configure:8379: checking for snprintf
configure:8435: gcc -o conftest    conftest.c -lcrypt  >&5
conftest.c:64:6: warning: conflicting types for built-in function 'snprintf' [enabled by default]
configure:8441: $? = 0
configure:8448: test -z "$ac_c_werror_flag" || test ! -s conftest.err
configure:8451: $? = 0
configure:8458: test -s conftest
configure:8461: $? = 0
configure:8475: result: yes
configure:8379: checking for vsnprintf
configure:8435: gcc -o conftest    conftest.c -lcrypt  >&5
conftest.c:65:6: warning: conflicting types for built-in function 'vsnprintf' [enabled by default]
configure:8441: $? = 0
configure:8448: test -z "$ac_c_werror_flag" || test ! -s conftest.err
configure:8451: $? = 0
configure:8458: test -s conftest
configure:8461: $? = 0
configure:8475: result: yes
configure:8379: checking for lrand48
configure:8435: gcc -o conftest    conftest.c -lcrypt  >&5
configure:8441: $? = 0
configure:8448: test -z "$ac_c_werror_flag" || test ! -s conftest.err
configure:8451: $? = 0
configure:8458: test -s conftest
configure:8461: $? = 0
configure:8475: result: yes
configure:8379: checking for srand48
configure:8435: gcc -o conftest    conftest.c -lcrypt  >&5
configure:8441: $? = 0
configure:8448: test -z "$ac_c_werror_flag" || test ! -s conftest.err
configure:8451: $? = 0
configure:8458: test -s conftest
configure:8461: $? = 0
configure:8475: result: yes
configure:8379: checking for strtok_r
configure:8435: gcc -o conftest    conftest.c -lcrypt  >&5
configure:8441: $? = 0
configure:8448: test -z "$ac_c_werror_flag" || test ! -s conftest.err
configure:8451: $? = 0
configure:8458: test -s conftest
configure:8461: $? = 0
configure:8475: result: yes
configure:8379: checking for usleep
configure:8435: gcc -o conftest    conftest.c -lcrypt  >&5
configure:8441: $? = 0
configure:8448: test -z "$ac_c_werror_flag" || test ! -s conftest.err
configure:8451: $? = 0
configure:8458: test -s conftest
configure:8461: $? = 0
configure:8475: result: yes
configure:8493: checking for OpenSSL
configure:8532: result: /usr
configure:8551: checking for OpenSSL 0.9.6 or above
configure:8579: gcc -o conftest     conftest.c -lcrypt   >&5
configure:8582: $? = 0
configure:8588: ./conftest
configure:8591: $? = 0
configure:8608: result: found
configure:8616: checking for RSA_free in -lcrypto
configure:8651: gcc -o conftest      conftest.c -lcrypto  -lcrypt   >&5
configure:8657: $? = 0
configure:8664: test -z "$ac_c_werror_flag" || test ! -s conftest.err
configure:8667: $? = 0
configure:8674: test -s conftest
configure:8677: $? = 0
configure:8691: result: yes
configure:8709: checking for EVP_bf_cfb
configure:8765: gcc -o conftest      conftest.c -lcrypto -lcrypt   -lcrypto >&5
/tmp/ccM0FmJ4.o: In function `main':
conftest.c:(.text+0x8): undefined reference to `EVP_bf_cfb'
collect2: ld returned 1 exit status
configure:8771: $? = 1
configure: failed program was:
| /* confdefs.h.  */
| #define PACKAGE_NAME "ircd-hybrid"
| #define PACKAGE_TARNAME "ircd-hybrid"
| #define PACKAGE_VERSION "7.2.2"
| #define PACKAGE_STRING "ircd-hybrid 7.2.2"
| #define PACKAGE_BUGREPORT ""
| #define _GNU_SOURCE 1
| #define PATH_DEVNULL "/dev/null"
| #define STDC_HEADERS 1
| #define HAVE_SYS_TYPES_H 1
| #define HAVE_SYS_STAT_H 1
| #define HAVE_STDLIB_H 1
| #define HAVE_STRING_H 1
| #define HAVE_MEMORY_H 1
| #define HAVE_STRINGS_H 1
| #define HAVE_INTTYPES_H 1
| #define HAVE_STDINT_H 1
| #define HAVE_UNISTD_H 1
| #define HAVE_CRYPT_H 1
| #define HAVE_INTTYPES_H 1
| #define HAVE_STDINT_H 1
| #define HAVE_SYS_RESOURCE_H 1
| #define HAVE_SYS_PARAM_H 1
| #define HAVE_ERRNO_H 1
| #define HAVE_SYS_SYSLOG_H 1
| #define HAVE_STDDEF_H 1
| #define HAVE_LIBGEN_H 1
| #define HAVE_SYS_WAIT_H 1
| #define HAVE_WAIT_H 1
| #define HAVE_LINK_H 1
| #define HAVE_STRUCT_SOCKADDR_STORAGE 1
| #define HAVE_STRUCT_ADDRINFO 1
| #define IPV6 1
| #define STRING_WITH_STRINGS 1
| #define SIZEOF_INT64_T 8
| #define SIZEOF_LONG_LONG 8
| #define HAVE_SOCKETPAIR 1
| #define HAVE_BASENAME 1
| #define HAVE_MMAP 1
| #define HAVE_SNPRINTF 1
| #define HAVE_VSNPRINTF 1
| #define HAVE_LRAND48 1
| #define HAVE_SRAND48 1
| #define HAVE_STRTOK_R 1
| #define HAVE_USLEEP 1
| #define HAVE_LIBCRYPTO 1
| /* end confdefs.h.  */
| /* Define EVP_bf_cfb to an innocuous variant, in case <limits.h> declares EVP_bf_cfb.
|    For example, HP-UX 11i <limits.h> declares gettimeofday.  */
| #define EVP_bf_cfb innocuous_EVP_bf_cfb
| 
| /* System header to define __stub macros and hopefully few prototypes,
|     which can conflict with char EVP_bf_cfb (); below.
|     Prefer <limits.h> to <assert.h> if __STDC__ is defined, since
|     <limits.h> exists even on freestanding compilers.  */
| 
| #ifdef __STDC__
| # include <limits.h>
| #else
| # include <assert.h>
| #endif
| 
| #undef EVP_bf_cfb
| 
| /* Override any GCC internal prototype to avoid an error.
|    Use char because int might match the return type of a GCC
|    builtin and then its argument prototype would still apply.  */
| #ifdef __cplusplus
| extern "C"
| #endif
| char EVP_bf_cfb ();
| /* The GNU C library defines this for functions which it implements
|     to always fail with ENOSYS.  Some functions are actually named
|     something starting with __ and the normal name is an alias.  */
| #if defined __stub_EVP_bf_cfb || defined __stub___EVP_bf_cfb
| choke me
| #endif
| 
| int
| main ()
| {
| return EVP_bf_cfb ();
|   ;
|   return 0;
| }
configure:8805: result: no
configure:8819: checking for EVP_cast5_cfb
configure:8875: gcc -o conftest      conftest.c -lcrypto -lcrypt   -lcrypto >&5
/tmp/cciVZNIV.o: In function `main':
conftest.c:(.text+0x8): undefined reference to `EVP_cast5_cfb'
collect2: ld returned 1 exit status
configure:8881: $? = 1
configure: failed program was:
| /* confdefs.h.  */
| #define PACKAGE_NAME "ircd-hybrid"
| #define PACKAGE_TARNAME "ircd-hybrid"
| #define PACKAGE_VERSION "7.2.2"
| #define PACKAGE_STRING "ircd-hybrid 7.2.2"
| #define PACKAGE_BUGREPORT ""
| #define _GNU_SOURCE 1
| #define PATH_DEVNULL "/dev/null"
| #define STDC_HEADERS 1
| #define HAVE_SYS_TYPES_H 1
| #define HAVE_SYS_STAT_H 1
| #define HAVE_STDLIB_H 1
| #define HAVE_STRING_H 1
| #define HAVE_MEMORY_H 1
| #define HAVE_STRINGS_H 1
| #define HAVE_INTTYPES_H 1
| #define HAVE_STDINT_H 1
| #define HAVE_UNISTD_H 1
| #define HAVE_CRYPT_H 1
| #define HAVE_INTTYPES_H 1
| #define HAVE_STDINT_H 1
| #define HAVE_SYS_RESOURCE_H 1
| #define HAVE_SYS_PARAM_H 1
| #define HAVE_ERRNO_H 1
| #define HAVE_SYS_SYSLOG_H 1
| #define HAVE_STDDEF_H 1
| #define HAVE_LIBGEN_H 1
| #define HAVE_SYS_WAIT_H 1
| #define HAVE_WAIT_H 1
| #define HAVE_LINK_H 1
| #define HAVE_STRUCT_SOCKADDR_STORAGE 1
| #define HAVE_STRUCT_ADDRINFO 1
| #define IPV6 1
| #define STRING_WITH_STRINGS 1
| #define SIZEOF_INT64_T 8
| #define SIZEOF_LONG_LONG 8
| #define HAVE_SOCKETPAIR 1
| #define HAVE_BASENAME 1
| #define HAVE_MMAP 1
| #define HAVE_SNPRINTF 1
| #define HAVE_VSNPRINTF 1
| #define HAVE_LRAND48 1
| #define HAVE_SRAND48 1
| #define HAVE_STRTOK_R 1
| #define HAVE_USLEEP 1
| #define HAVE_LIBCRYPTO 1
| /* end confdefs.h.  */
| /* Define EVP_cast5_cfb to an innocuous variant, in case <limits.h> declares EVP_cast5_cfb.
|    For example, HP-UX 11i <limits.h> declares gettimeofday.  */
| #define EVP_cast5_cfb innocuous_EVP_cast5_cfb
| 
| /* System header to define __stub macros and hopefully few prototypes,
|     which can conflict with char EVP_cast5_cfb (); below.
|     Prefer <limits.h> to <assert.h> if __STDC__ is defined, since
|     <limits.h> exists even on freestanding compilers.  */
| 
| #ifdef __STDC__
| # include <limits.h>
| #else
| # include <assert.h>
| #endif
| 
| #undef EVP_cast5_cfb
| 
| /* Override any GCC internal prototype to avoid an error.
|    Use char because int might match the return type of a GCC
|    builtin and then its argument prototype would still apply.  */
| #ifdef __cplusplus
| extern "C"
| #endif
| char EVP_cast5_cfb ();
| /* The GNU C library defines this for functions which it implements
|     to always fail with ENOSYS.  Some functions are actually named
|     something starting with __ and the normal name is an alias.  */
| #if defined __stub_EVP_cast5_cfb || defined __stub___EVP_cast5_cfb
| choke me
| #endif
| 
| int
| main ()
| {
| return EVP_cast5_cfb ();
|   ;
|   return 0;
| }
configure:8915: result: no
configure:8929: checking for EVP_idea_cfb
configure:8985: gcc -o conftest      conftest.c -lcrypto -lcrypt   -lcrypto >&5
/tmp/cckdgz7r.o: In function `main':
conftest.c:(.text+0x8): undefined reference to `EVP_idea_cfb'
collect2: ld returned 1 exit status
configure:8991: $? = 1
configure: failed program was:
| /* confdefs.h.  */
| #define PACKAGE_NAME "ircd-hybrid"
| #define PACKAGE_TARNAME "ircd-hybrid"
| #define PACKAGE_VERSION "7.2.2"
| #define PACKAGE_STRING "ircd-hybrid 7.2.2"
| #define PACKAGE_BUGREPORT ""
| #define _GNU_SOURCE 1
| #define PATH_DEVNULL "/dev/null"
| #define STDC_HEADERS 1
| #define HAVE_SYS_TYPES_H 1
| #define HAVE_SYS_STAT_H 1
| #define HAVE_STDLIB_H 1
| #define HAVE_STRING_H 1
| #define HAVE_MEMORY_H 1
| #define HAVE_STRINGS_H 1
| #define HAVE_INTTYPES_H 1
| #define HAVE_STDINT_H 1
| #define HAVE_UNISTD_H 1
| #define HAVE_CRYPT_H 1
| #define HAVE_INTTYPES_H 1
| #define HAVE_STDINT_H 1
| #define HAVE_SYS_RESOURCE_H 1
| #define HAVE_SYS_PARAM_H 1
| #define HAVE_ERRNO_H 1
| #define HAVE_SYS_SYSLOG_H 1
| #define HAVE_STDDEF_H 1
| #define HAVE_LIBGEN_H 1
| #define HAVE_SYS_WAIT_H 1
| #define HAVE_WAIT_H 1
| #define HAVE_LINK_H 1
| #define HAVE_STRUCT_SOCKADDR_STORAGE 1
| #define HAVE_STRUCT_ADDRINFO 1
| #define IPV6 1
| #define STRING_WITH_STRINGS 1
| #define SIZEOF_INT64_T 8
| #define SIZEOF_LONG_LONG 8
| #define HAVE_SOCKETPAIR 1
| #define HAVE_BASENAME 1
| #define HAVE_MMAP 1
| #define HAVE_SNPRINTF 1
| #define HAVE_VSNPRINTF 1
| #define HAVE_LRAND48 1
| #define HAVE_SRAND48 1
| #define HAVE_STRTOK_R 1
| #define HAVE_USLEEP 1
| #define HAVE_LIBCRYPTO 1
| /* end confdefs.h.  */
| /* Define EVP_idea_cfb to an innocuous variant, in case <limits.h> declares EVP_idea_cfb.
|    For example, HP-UX 11i <limits.h> declares gettimeofday.  */
| #define EVP_idea_cfb innocuous_EVP_idea_cfb
| 
| /* System header to define __stub macros and hopefully few prototypes,
|     which can conflict with char EVP_idea_cfb (); below.
|     Prefer <limits.h> to <assert.h> if __STDC__ is defined, since
|     <limits.h> exists even on freestanding compilers.  */
| 
| #ifdef __STDC__
| # include <limits.h>
| #else
| # include <assert.h>
| #endif
| 
| #undef EVP_idea_cfb
| 
| /* Override any GCC internal prototype to avoid an error.
|    Use char because int might match the return type of a GCC
|    builtin and then its argument prototype would still apply.  */
| #ifdef __cplusplus
| extern "C"
| #endif
| char EVP_idea_cfb ();
| /* The GNU C library defines this for functions which it implements
|     to always fail with ENOSYS.  Some functions are actually named
|     something starting with __ and the normal name is an alias.  */
| #if defined __stub_EVP_idea_cfb || defined __stub___EVP_idea_cfb
| choke me
| #endif
| 
| int
| main ()
| {
| return EVP_idea_cfb ();
|   ;
|   return 0;
| }
configure:9025: result: no
configure:9039: checking for EVP_rc5_32_12_16_cfb
configure:9095: gcc -o conftest      conftest.c -lcrypto -lcrypt   -lcrypto >&5
/tmp/ccEzVas0.o: In function `main':
conftest.c:(.text+0x8): undefined reference to `EVP_rc5_32_12_16_cfb'
collect2: ld returned 1 exit status
configure:9101: $? = 1
configure: failed program was:
| /* confdefs.h.  */
| #define PACKAGE_NAME "ircd-hybrid"
| #define PACKAGE_TARNAME "ircd-hybrid"
| #define PACKAGE_VERSION "7.2.2"
| #define PACKAGE_STRING "ircd-hybrid 7.2.2"
| #define PACKAGE_BUGREPORT ""
| #define _GNU_SOURCE 1
| #define PATH_DEVNULL "/dev/null"
| #define STDC_HEADERS 1
| #define HAVE_SYS_TYPES_H 1
| #define HAVE_SYS_STAT_H 1
| #define HAVE_STDLIB_H 1
| #define HAVE_STRING_H 1
| #define HAVE_MEMORY_H 1
| #define HAVE_STRINGS_H 1
| #define HAVE_INTTYPES_H 1
| #define HAVE_STDINT_H 1
| #define HAVE_UNISTD_H 1
| #define HAVE_CRYPT_H 1
| #define HAVE_INTTYPES_H 1
| #define HAVE_STDINT_H 1
| #define HAVE_SYS_RESOURCE_H 1
| #define HAVE_SYS_PARAM_H 1
| #define HAVE_ERRNO_H 1
| #define HAVE_SYS_SYSLOG_H 1
| #define HAVE_STDDEF_H 1
| #define HAVE_LIBGEN_H 1
| #define HAVE_SYS_WAIT_H 1
| #define HAVE_WAIT_H 1
| #define HAVE_LINK_H 1
| #define HAVE_STRUCT_SOCKADDR_STORAGE 1
| #define HAVE_STRUCT_ADDRINFO 1
| #define IPV6 1
| #define STRING_WITH_STRINGS 1
| #define SIZEOF_INT64_T 8
| #define SIZEOF_LONG_LONG 8
| #define HAVE_SOCKETPAIR 1
| #define HAVE_BASENAME 1
| #define HAVE_MMAP 1
| #define HAVE_SNPRINTF 1
| #define HAVE_VSNPRINTF 1
| #define HAVE_LRAND48 1
| #define HAVE_SRAND48 1
| #define HAVE_STRTOK_R 1
| #define HAVE_USLEEP 1
| #define HAVE_LIBCRYPTO 1
| /* end confdefs.h.  */
| /* Define EVP_rc5_32_12_16_cfb to an innocuous variant, in case <limits.h> declares EVP_rc5_32_12_16_cfb.
|    For example, HP-UX 11i <limits.h> declares gettimeofday.  */
| #define EVP_rc5_32_12_16_cfb innocuous_EVP_rc5_32_12_16_cfb
| 
| /* System header to define __stub macros and hopefully few prototypes,
|     which can conflict with char EVP_rc5_32_12_16_cfb (); below.
|     Prefer <limits.h> to <assert.h> if __STDC__ is defined, since
|     <limits.h> exists even on freestanding compilers.  */
| 
| #ifdef __STDC__
| # include <limits.h>
| #else
| # include <assert.h>
| #endif
| 
| #undef EVP_rc5_32_12_16_cfb
| 
| /* Override any GCC internal prototype to avoid an error.
|    Use char because int might match the return type of a GCC
|    builtin and then its argument prototype would still apply.  */
| #ifdef __cplusplus
| extern "C"
| #endif
| char EVP_rc5_32_12_16_cfb ();
| /* The GNU C library defines this for functions which it implements
|     to always fail with ENOSYS.  Some functions are actually named
|     something starting with __ and the normal name is an alias.  */
| #if defined __stub_EVP_rc5_32_12_16_cfb || defined __stub___EVP_rc5_32_12_16_cfb
| choke me
| #endif
| 
| int
| main ()
| {
| return EVP_rc5_32_12_16_cfb ();
|   ;
|   return 0;
| }
configure:9135: result: no
configure:9149: checking for EVP_des_ede3_cfb
configure:9205: gcc -o conftest      conftest.c -lcrypto -lcrypt   -lcrypto >&5
/tmp/cco50FgK.o: In function `main':
conftest.c:(.text+0x8): undefined reference to `EVP_des_ede3_cfb'
collect2: ld returned 1 exit status
configure:9211: $? = 1
configure: failed program was:
| /* confdefs.h.  */
| #define PACKAGE_NAME "ircd-hybrid"
| #define PACKAGE_TARNAME "ircd-hybrid"
| #define PACKAGE_VERSION "7.2.2"
| #define PACKAGE_STRING "ircd-hybrid 7.2.2"
| #define PACKAGE_BUGREPORT ""
| #define _GNU_SOURCE 1
| #define PATH_DEVNULL "/dev/null"
| #define STDC_HEADERS 1
| #define HAVE_SYS_TYPES_H 1
| #define HAVE_SYS_STAT_H 1
| #define HAVE_STDLIB_H 1
| #define HAVE_STRING_H 1
| #define HAVE_MEMORY_H 1
| #define HAVE_STRINGS_H 1
| #define HAVE_INTTYPES_H 1
| #define HAVE_STDINT_H 1
| #define HAVE_UNISTD_H 1
| #define HAVE_CRYPT_H 1
| #define HAVE_INTTYPES_H 1
| #define HAVE_STDINT_H 1
| #define HAVE_SYS_RESOURCE_H 1
| #define HAVE_SYS_PARAM_H 1
| #define HAVE_ERRNO_H 1
| #define HAVE_SYS_SYSLOG_H 1
| #define HAVE_STDDEF_H 1
| #define HAVE_LIBGEN_H 1
| #define HAVE_SYS_WAIT_H 1
| #define HAVE_WAIT_H 1
| #define HAVE_LINK_H 1
| #define HAVE_STRUCT_SOCKADDR_STORAGE 1
| #define HAVE_STRUCT_ADDRINFO 1
| #define IPV6 1
| #define STRING_WITH_STRINGS 1
| #define SIZEOF_INT64_T 8
| #define SIZEOF_LONG_LONG 8
| #define HAVE_SOCKETPAIR 1
| #define HAVE_BASENAME 1
| #define HAVE_MMAP 1
| #define HAVE_SNPRINTF 1
| #define HAVE_VSNPRINTF 1
| #define HAVE_LRAND48 1
| #define HAVE_SRAND48 1
| #define HAVE_STRTOK_R 1
| #define HAVE_USLEEP 1
| #define HAVE_LIBCRYPTO 1
| /* end confdefs.h.  */
| /* Define EVP_des_ede3_cfb to an innocuous variant, in case <limits.h> declares EVP_des_ede3_cfb.
|    For example, HP-UX 11i <limits.h> declares gettimeofday.  */
| #define EVP_des_ede3_cfb innocuous_EVP_des_ede3_cfb
| 
| /* System header to define __stub macros and hopefully few prototypes,
|     which can conflict with char EVP_des_ede3_cfb (); below.
|     Prefer <limits.h> to <assert.h> if __STDC__ is defined, since
|     <limits.h> exists even on freestanding compilers.  */
| 
| #ifdef __STDC__
| # include <limits.h>
| #else
| # include <assert.h>
| #endif
| 
| #undef EVP_des_ede3_cfb
| 
| /* Override any GCC internal prototype to avoid an error.
|    Use char because int might match the return type of a GCC
|    builtin and then its argument prototype would still apply.  */
| #ifdef __cplusplus
| extern "C"
| #endif
| char EVP_des_ede3_cfb ();
| /* The GNU C library defines this for functions which it implements
|     to always fail with ENOSYS.  Some functions are actually named
|     something starting with __ and the normal name is an alias.  */
| #if defined __stub_EVP_des_ede3_cfb || defined __stub___EVP_des_ede3_cfb
| choke me
| #endif
| 
| int
| main ()
| {
| return EVP_des_ede3_cfb ();
|   ;
|   return 0;
| }
configure:9245: result: no
configure:9259: checking for EVP_des_cfb
configure:9315: gcc -o conftest      conftest.c -lcrypto -lcrypt   -lcrypto >&5
/tmp/ccn8jpki.o: In function `main':
conftest.c:(.text+0x8): undefined reference to `EVP_des_cfb'
collect2: ld returned 1 exit status
configure:9321: $? = 1
configure: failed program was:
| /* confdefs.h.  */
| #define PACKAGE_NAME "ircd-hybrid"
| #define PACKAGE_TARNAME "ircd-hybrid"
| #define PACKAGE_VERSION "7.2.2"
| #define PACKAGE_STRING "ircd-hybrid 7.2.2"
| #define PACKAGE_BUGREPORT ""
| #define _GNU_SOURCE 1
| #define PATH_DEVNULL "/dev/null"
| #define STDC_HEADERS 1
| #define HAVE_SYS_TYPES_H 1
| #define HAVE_SYS_STAT_H 1
| #define HAVE_STDLIB_H 1
| #define HAVE_STRING_H 1
| #define HAVE_MEMORY_H 1
| #define HAVE_STRINGS_H 1
| #define HAVE_INTTYPES_H 1
| #define HAVE_STDINT_H 1
| #define HAVE_UNISTD_H 1
| #define HAVE_CRYPT_H 1
| #define HAVE_INTTYPES_H 1
| #define HAVE_STDINT_H 1
| #define HAVE_SYS_RESOURCE_H 1
| #define HAVE_SYS_PARAM_H 1
| #define HAVE_ERRNO_H 1
| #define HAVE_SYS_SYSLOG_H 1
| #define HAVE_STDDEF_H 1
| #define HAVE_LIBGEN_H 1
| #define HAVE_SYS_WAIT_H 1
| #define HAVE_WAIT_H 1
| #define HAVE_LINK_H 1
| #define HAVE_STRUCT_SOCKADDR_STORAGE 1
| #define HAVE_STRUCT_ADDRINFO 1
| #define IPV6 1
| #define STRING_WITH_STRINGS 1
| #define SIZEOF_INT64_T 8
| #define SIZEOF_LONG_LONG 8
| #define HAVE_SOCKETPAIR 1
| #define HAVE_BASENAME 1
| #define HAVE_MMAP 1
| #define HAVE_SNPRINTF 1
| #define HAVE_VSNPRINTF 1
| #define HAVE_LRAND48 1
| #define HAVE_SRAND48 1
| #define HAVE_STRTOK_R 1
| #define HAVE_USLEEP 1
| #define HAVE_LIBCRYPTO 1
| /* end confdefs.h.  */
| /* Define EVP_des_cfb to an innocuous variant, in case <limits.h> declares EVP_des_cfb.
|    For example, HP-UX 11i <limits.h> declares gettimeofday.  */
| #define EVP_des_cfb innocuous_EVP_des_cfb
| 
| /* System header to define __stub macros and hopefully few prototypes,
|     which can conflict with char EVP_des_cfb (); below.
|     Prefer <limits.h> to <assert.h> if __STDC__ is defined, since
|     <limits.h> exists even on freestanding compilers.  */
| 
| #ifdef __STDC__
| # include <limits.h>
| #else
| # include <assert.h>
| #endif
| 
| #undef EVP_des_cfb
| 
| /* Override any GCC internal prototype to avoid an error.
|    Use char because int might match the return type of a GCC
|    builtin and then its argument prototype would still apply.  */
| #ifdef __cplusplus
| extern "C"
| #endif
| char EVP_des_cfb ();
| /* The GNU C library defines this for functions which it implements
|     to always fail with ENOSYS.  Some functions are actually named
|     something starting with __ and the normal name is an alias.  */
| #if defined __stub_EVP_des_cfb || defined __stub___EVP_des_cfb
| choke me
| #endif
| 
| int
| main ()
| {
| return EVP_des_cfb ();
|   ;
|   return 0;
| }
configure:9355: result: no
configure:9406: checking zlib.h usability
configure:9423: gcc -c   conftest.c >&5
configure:9429: $? = 0
configure:9436: test -z "$ac_c_werror_flag" || test ! -s conftest.err
configure:9439: $? = 0
configure:9446: test -s conftest.o
configure:9449: $? = 0
configure:9460: result: yes
configure:9464: checking zlib.h presence
configure:9479: gcc -E  conftest.c
configure:9485: $? = 0
configure:9506: result: yes
configure:9534: checking for zlib.h
configure:9541: result: yes
configure:9547: checking for zlibVersion in -lz
configure:9582: gcc -o conftest    conftest.c -lz  -lcrypt  >&5
configure:9588: $? = 0
configure:9595: test -z "$ac_c_werror_flag" || test ! -s conftest.err
configure:9598: $? = 0
configure:9605: test -s conftest
configure:9608: $? = 0
configure:9622: result: yes
configure:9854: checking for kevent
configure:9910: gcc -o conftest    conftest.c -lcrypt  >&5
/tmp/ccEnIj5K.o: In function `main':
conftest.c:(.text+0x8): undefined reference to `kevent'
collect2: ld returned 1 exit status
configure:9916: $? = 1
configure: failed program was:
| /* confdefs.h.  */
| #define PACKAGE_NAME "ircd-hybrid"
| #define PACKAGE_TARNAME "ircd-hybrid"
| #define PACKAGE_VERSION "7.2.2"
| #define PACKAGE_STRING "ircd-hybrid 7.2.2"
| #define PACKAGE_BUGREPORT ""
| #define _GNU_SOURCE 1
| #define PATH_DEVNULL "/dev/null"
| #define STDC_HEADERS 1
| #define HAVE_SYS_TYPES_H 1
| #define HAVE_SYS_STAT_H 1
| #define HAVE_STDLIB_H 1
| #define HAVE_STRING_H 1
| #define HAVE_MEMORY_H 1
| #define HAVE_STRINGS_H 1
| #define HAVE_INTTYPES_H 1
| #define HAVE_STDINT_H 1
| #define HAVE_UNISTD_H 1
| #define HAVE_CRYPT_H 1
| #define HAVE_INTTYPES_H 1
| #define HAVE_STDINT_H 1
| #define HAVE_SYS_RESOURCE_H 1
| #define HAVE_SYS_PARAM_H 1
| #define HAVE_ERRNO_H 1
| #define HAVE_SYS_SYSLOG_H 1
| #define HAVE_STDDEF_H 1
| #define HAVE_LIBGEN_H 1
| #define HAVE_SYS_WAIT_H 1
| #define HAVE_WAIT_H 1
| #define HAVE_LINK_H 1
| #define HAVE_STRUCT_SOCKADDR_STORAGE 1
| #define HAVE_STRUCT_ADDRINFO 1
| #define IPV6 1
| #define STRING_WITH_STRINGS 1
| #define SIZEOF_INT64_T 8
| #define SIZEOF_LONG_LONG 8
| #define HAVE_SOCKETPAIR 1
| #define HAVE_BASENAME 1
| #define HAVE_MMAP 1
| #define HAVE_SNPRINTF 1
| #define HAVE_VSNPRINTF 1
| #define HAVE_LRAND48 1
| #define HAVE_SRAND48 1
| #define HAVE_STRTOK_R 1
| #define HAVE_USLEEP 1
| #define HAVE_LIBCRYPTO 1
| #define HAVE_LIBZ 1
| /* end confdefs.h.  */
| /* Define kevent to an innocuous variant, in case <limits.h> declares kevent.
|    For example, HP-UX 11i <limits.h> declares gettimeofday.  */
| #define kevent innocuous_kevent
| 
| /* System header to define __stub macros and hopefully few prototypes,
|     which can conflict with char kevent (); below.
|     Prefer <limits.h> to <assert.h> if __STDC__ is defined, since
|     <limits.h> exists even on freestanding compilers.  */
| 
| #ifdef __STDC__
| # include <limits.h>
| #else
| # include <assert.h>
| #endif
| 
| #undef kevent
| 
| /* Override any GCC internal prototype to avoid an error.
|    Use char because int might match the return type of a GCC
|    builtin and then its argument prototype would still apply.  */
| #ifdef __cplusplus
| extern "C"
| #endif
| char kevent ();
| /* The GNU C library defines this for functions which it implements
|     to always fail with ENOSYS.  Some functions are actually named
|     something starting with __ and the normal name is an alias.  */
| #if defined __stub_kevent || defined __stub___kevent
| choke me
| #endif
| 
| int
| main ()
| {
| return kevent ();
|   ;
|   return 0;
| }
configure:9949: result: no
configure:9967: checking sys/epoll.h usability
configure:9984: gcc -c   conftest.c >&5
configure:9990: $? = 0
configure:9997: test -z "$ac_c_werror_flag" || test ! -s conftest.err
configure:10000: $? = 0
configure:10007: test -s conftest.o
configure:10010: $? = 0
configure:10021: result: yes
configure:10025: checking sys/epoll.h presence
configure:10040: gcc -E  conftest.c
configure:10046: $? = 0
configure:10067: result: yes
configure:10095: checking for sys/epoll.h
configure:10102: result: yes
configure:10114: checking for epoll support in kernel
configure:10163: gcc -o conftest    conftest.c -lcrypt  >&5
configure:10166: $? = 0
configure:10172: ./conftest
configure:10175: $? = 0
configure:10177: result: yes
configure:10659: checking if you want to do a profile build
configure:10679: result: no
configure:10683: checking if you want ElectricFence
configure:10787: result: no
configure:10792: checking if you want the block allocator
configure:10814: result: yes
configure:10981: checking for syslog options
configure:11064: result: none
configure:11169: checking dlfcn.h usability
configure:11186: gcc -c   conftest.c >&5
configure:11192: $? = 0
configure:11199: test -z "$ac_c_werror_flag" || test ! -s conftest.err
configure:11202: $? = 0
configure:11209: test -s conftest.o
configure:11212: $? = 0
configure:11223: result: yes
configure:11227: checking dlfcn.h presence
configure:11242: gcc -E  conftest.c
configure:11248: $? = 0
configure:11269: result: yes
configure:11297: checking for dlfcn.h
configure:11305: result: yes
configure:11318: checking for library containing shl_load
configure:11359: gcc -o conftest    conftest.c -lcrypt  >&5
/tmp/cc0FtDGI.o: In function `main':
conftest.c:(.text+0x8): undefined reference to `shl_load'
collect2: ld returned 1 exit status
configure:11365: $? = 1
configure: failed program was:
| /* confdefs.h.  */
| #define PACKAGE_NAME "ircd-hybrid"
| #define PACKAGE_TARNAME "ircd-hybrid"
| #define PACKAGE_VERSION "7.2.2"
| #define PACKAGE_STRING "ircd-hybrid 7.2.2"
| #define PACKAGE_BUGREPORT ""
| #define _GNU_SOURCE 1
| #define PATH_DEVNULL "/dev/null"
| #define STDC_HEADERS 1
| #define HAVE_SYS_TYPES_H 1
| #define HAVE_SYS_STAT_H 1
| #define HAVE_STDLIB_H 1
| #define HAVE_STRING_H 1
| #define HAVE_MEMORY_H 1
| #define HAVE_STRINGS_H 1
| #define HAVE_INTTYPES_H 1
| #define HAVE_STDINT_H 1
| #define HAVE_UNISTD_H 1
| #define HAVE_CRYPT_H 1
| #define HAVE_INTTYPES_H 1
| #define HAVE_STDINT_H 1
| #define HAVE_SYS_RESOURCE_H 1
| #define HAVE_SYS_PARAM_H 1
| #define HAVE_ERRNO_H 1
| #define HAVE_SYS_SYSLOG_H 1
| #define HAVE_STDDEF_H 1
| #define HAVE_LIBGEN_H 1
| #define HAVE_SYS_WAIT_H 1
| #define HAVE_WAIT_H 1
| #define HAVE_LINK_H 1
| #define HAVE_STRUCT_SOCKADDR_STORAGE 1
| #define HAVE_STRUCT_ADDRINFO 1
| #define IPV6 1
| #define STRING_WITH_STRINGS 1
| #define SIZEOF_INT64_T 8
| #define SIZEOF_LONG_LONG 8
| #define HAVE_SOCKETPAIR 1
| #define HAVE_BASENAME 1
| #define HAVE_MMAP 1
| #define HAVE_SNPRINTF 1
| #define HAVE_VSNPRINTF 1
| #define HAVE_LRAND48 1
| #define HAVE_SRAND48 1
| #define HAVE_STRTOK_R 1
| #define HAVE_USLEEP 1
| #define HAVE_LIBCRYPTO 1
| #define HAVE_LIBZ 1
| #define SELECT_TYPE "epoll"
| #define NDEBUG 1
| #define NICKNAMEHISTORYLENGTH 15000
| #define CHANNEL_HEAP_SIZE 1024
| #define BAN_HEAP_SIZE 1024
| #define CLIENT_HEAP_SIZE 1024
| #define LCLIENT_HEAP_SIZE 512
| #define DNODE_HEAP_SIZE 2048
| #define TOPIC_HEAP_SIZE 1024
| #define DBUF_HEAP_SIZE 512
| #define INVARIANTS 1
| #define GLINE_VOTING 1
| #define TOPICLEN 160
| #define NICKLEN (12+1)
| #define HAVE_DLFCN_H 1
| /* end confdefs.h.  */
| 
| /* Override any GCC internal prototype to avoid an error.
|    Use char because int might match the return type of a GCC
|    builtin and then its argument prototype would still apply.  */
| #ifdef __cplusplus
| extern "C"
| #endif
| char shl_load ();
| int
| main ()
| {
| return shl_load ();
|   ;
|   return 0;
| }
configure:11359: gcc -o conftest    conftest.c -ldld  -lcrypt  >&5
/usr/bin/ld: cannot find -ldld
collect2: ld returned 1 exit status
configure:11365: $? = 1
configure: failed program was:
| /* confdefs.h.  */
| #define PACKAGE_NAME "ircd-hybrid"
| #define PACKAGE_TARNAME "ircd-hybrid"
| #define PACKAGE_VERSION "7.2.2"
| #define PACKAGE_STRING "ircd-hybrid 7.2.2"
| #define PACKAGE_BUGREPORT ""
| #define _GNU_SOURCE 1
| #define PATH_DEVNULL "/dev/null"
| #define STDC_HEADERS 1
| #define HAVE_SYS_TYPES_H 1
| #define HAVE_SYS_STAT_H 1
| #define HAVE_STDLIB_H 1
| #define HAVE_STRING_H 1
| #define HAVE_MEMORY_H 1
| #define HAVE_STRINGS_H 1
| #define HAVE_INTTYPES_H 1
| #define HAVE_STDINT_H 1
| #define HAVE_UNISTD_H 1
| #define HAVE_CRYPT_H 1
| #define HAVE_INTTYPES_H 1
| #define HAVE_STDINT_H 1
| #define HAVE_SYS_RESOURCE_H 1
| #define HAVE_SYS_PARAM_H 1
| #define HAVE_ERRNO_H 1
| #define HAVE_SYS_SYSLOG_H 1
| #define HAVE_STDDEF_H 1
| #define HAVE_LIBGEN_H 1
| #define HAVE_SYS_WAIT_H 1
| #define HAVE_WAIT_H 1
| #define HAVE_LINK_H 1
| #define HAVE_STRUCT_SOCKADDR_STORAGE 1
| #define HAVE_STRUCT_ADDRINFO 1
| #define IPV6 1
| #define STRING_WITH_STRINGS 1
| #define SIZEOF_INT64_T 8
| #define SIZEOF_LONG_LONG 8
| #define HAVE_SOCKETPAIR 1
| #define HAVE_BASENAME 1
| #define HAVE_MMAP 1
| #define HAVE_SNPRINTF 1
| #define HAVE_VSNPRINTF 1
| #define HAVE_LRAND48 1
| #define HAVE_SRAND48 1
| #define HAVE_STRTOK_R 1
| #define HAVE_USLEEP 1
| #define HAVE_LIBCRYPTO 1
| #define HAVE_LIBZ 1
| #define SELECT_TYPE "epoll"
| #define NDEBUG 1
| #define NICKNAMEHISTORYLENGTH 15000
| #define CHANNEL_HEAP_SIZE 1024
| #define BAN_HEAP_SIZE 1024
| #define CLIENT_HEAP_SIZE 1024
| #define LCLIENT_HEAP_SIZE 512
| #define DNODE_HEAP_SIZE 2048
| #define TOPIC_HEAP_SIZE 1024
| #define DBUF_HEAP_SIZE 512
| #define INVARIANTS 1
| #define GLINE_VOTING 1
| #define TOPICLEN 160
| #define NICKLEN (12+1)
| #define HAVE_DLFCN_H 1
| /* end confdefs.h.  */
| 
| /* Override any GCC internal prototype to avoid an error.
|    Use char because int might match the return type of a GCC
|    builtin and then its argument prototype would still apply.  */
| #ifdef __cplusplus
| extern "C"
| #endif
| char shl_load ();
| int
| main ()
| {
| return shl_load ();
|   ;
|   return 0;
| }
configure:11409: result: no
configure:11426: checking for library containing dlopen
configure:11467: gcc -o conftest    conftest.c -lcrypt  >&5
/tmp/ccIt9N26.o: In function `main':
conftest.c:(.text+0x8): undefined reference to `dlopen'
collect2: ld returned 1 exit status
configure:11473: $? = 1
configure: failed program was:
| /* confdefs.h.  */
| #define PACKAGE_NAME "ircd-hybrid"
| #define PACKAGE_TARNAME "ircd-hybrid"
| #define PACKAGE_VERSION "7.2.2"
| #define PACKAGE_STRING "ircd-hybrid 7.2.2"
| #define PACKAGE_BUGREPORT ""
| #define _GNU_SOURCE 1
| #define PATH_DEVNULL "/dev/null"
| #define STDC_HEADERS 1
| #define HAVE_SYS_TYPES_H 1
| #define HAVE_SYS_STAT_H 1
| #define HAVE_STDLIB_H 1
| #define HAVE_STRING_H 1
| #define HAVE_MEMORY_H 1
| #define HAVE_STRINGS_H 1
| #define HAVE_INTTYPES_H 1
| #define HAVE_STDINT_H 1
| #define HAVE_UNISTD_H 1
| #define HAVE_CRYPT_H 1
| #define HAVE_INTTYPES_H 1
| #define HAVE_STDINT_H 1
| #define HAVE_SYS_RESOURCE_H 1
| #define HAVE_SYS_PARAM_H 1
| #define HAVE_ERRNO_H 1
| #define HAVE_SYS_SYSLOG_H 1
| #define HAVE_STDDEF_H 1
| #define HAVE_LIBGEN_H 1
| #define HAVE_SYS_WAIT_H 1
| #define HAVE_WAIT_H 1
| #define HAVE_LINK_H 1
| #define HAVE_STRUCT_SOCKADDR_STORAGE 1
| #define HAVE_STRUCT_ADDRINFO 1
| #define IPV6 1
| #define STRING_WITH_STRINGS 1
| #define SIZEOF_INT64_T 8
| #define SIZEOF_LONG_LONG 8
| #define HAVE_SOCKETPAIR 1
| #define HAVE_BASENAME 1
| #define HAVE_MMAP 1
| #define HAVE_SNPRINTF 1
| #define HAVE_VSNPRINTF 1
| #define HAVE_LRAND48 1
| #define HAVE_SRAND48 1
| #define HAVE_STRTOK_R 1
| #define HAVE_USLEEP 1
| #define HAVE_LIBCRYPTO 1
| #define HAVE_LIBZ 1
| #define SELECT_TYPE "epoll"
| #define NDEBUG 1
| #define NICKNAMEHISTORYLENGTH 15000
| #define CHANNEL_HEAP_SIZE 1024
| #define BAN_HEAP_SIZE 1024
| #define CLIENT_HEAP_SIZE 1024
| #define LCLIENT_HEAP_SIZE 512
| #define DNODE_HEAP_SIZE 2048
| #define TOPIC_HEAP_SIZE 1024
| #define DBUF_HEAP_SIZE 512
| #define INVARIANTS 1
| #define GLINE_VOTING 1
| #define TOPICLEN 160
| #define NICKLEN (12+1)
| #define HAVE_DLFCN_H 1
| /* end confdefs.h.  */
| 
| /* Override any GCC internal prototype to avoid an error.
|    Use char because int might match the return type of a GCC
|    builtin and then its argument prototype would still apply.  */
| #ifdef __cplusplus
| extern "C"
| #endif
| char dlopen ();
| int
| main ()
| {
| return dlopen ();
|   ;
|   return 0;
| }
configure:11467: gcc -o conftest    conftest.c -ldl  -lcrypt  >&5
configure:11473: $? = 0
configure:11480: test -z "$ac_c_werror_flag" || test ! -s conftest.err
configure:11483: $? = 0
configure:11490: test -s conftest
configure:11493: $? = 0
configure:11517: result: -ldl
configure:11697: checking for dlsym
configure:11753: gcc -o conftest    conftest.c -ldl -lcrypt  >&5
configure:11759: $? = 0
configure:11766: test -z "$ac_c_werror_flag" || test ! -s conftest.err
configure:11769: $? = 0
configure:11776: test -s conftest
configure:11779: $? = 0
configure:11792: result: yes
configure:11809: checking for dlfunc
configure:11865: gcc -o conftest    conftest.c -ldl -lcrypt  >&5
/tmp/cc8ue0LW.o: In function `main':
conftest.c:(.text+0x8): undefined reference to `dlfunc'
collect2: ld returned 1 exit status
configure:11871: $? = 1
configure: failed program was:
| /* confdefs.h.  */
| #define PACKAGE_NAME "ircd-hybrid"
| #define PACKAGE_TARNAME "ircd-hybrid"
| #define PACKAGE_VERSION "7.2.2"
| #define PACKAGE_STRING "ircd-hybrid 7.2.2"
| #define PACKAGE_BUGREPORT ""
| #define _GNU_SOURCE 1
| #define PATH_DEVNULL "/dev/null"
| #define STDC_HEADERS 1
| #define HAVE_SYS_TYPES_H 1
| #define HAVE_SYS_STAT_H 1
| #define HAVE_STDLIB_H 1
| #define HAVE_STRING_H 1
| #define HAVE_MEMORY_H 1
| #define HAVE_STRINGS_H 1
| #define HAVE_INTTYPES_H 1
| #define HAVE_STDINT_H 1
| #define HAVE_UNISTD_H 1
| #define HAVE_CRYPT_H 1
| #define HAVE_INTTYPES_H 1
| #define HAVE_STDINT_H 1
| #define HAVE_SYS_RESOURCE_H 1
| #define HAVE_SYS_PARAM_H 1
| #define HAVE_ERRNO_H 1
| #define HAVE_SYS_SYSLOG_H 1
| #define HAVE_STDDEF_H 1
| #define HAVE_LIBGEN_H 1
| #define HAVE_SYS_WAIT_H 1
| #define HAVE_WAIT_H 1
| #define HAVE_LINK_H 1
| #define HAVE_STRUCT_SOCKADDR_STORAGE 1
| #define HAVE_STRUCT_ADDRINFO 1
| #define IPV6 1
| #define STRING_WITH_STRINGS 1
| #define SIZEOF_INT64_T 8
| #define SIZEOF_LONG_LONG 8
| #define HAVE_SOCKETPAIR 1
| #define HAVE_BASENAME 1
| #define HAVE_MMAP 1
| #define HAVE_SNPRINTF 1
| #define HAVE_VSNPRINTF 1
| #define HAVE_LRAND48 1
| #define HAVE_SRAND48 1
| #define HAVE_STRTOK_R 1
| #define HAVE_USLEEP 1
| #define HAVE_LIBCRYPTO 1
| #define HAVE_LIBZ 1
| #define SELECT_TYPE "epoll"
| #define NDEBUG 1
| #define NICKNAMEHISTORYLENGTH 15000
| #define CHANNEL_HEAP_SIZE 1024
| #define BAN_HEAP_SIZE 1024
| #define CLIENT_HEAP_SIZE 1024
| #define LCLIENT_HEAP_SIZE 512
| #define DNODE_HEAP_SIZE 2048
| #define TOPIC_HEAP_SIZE 1024
| #define DBUF_HEAP_SIZE 512
| #define INVARIANTS 1
| #define GLINE_VOTING 1
| #define TOPICLEN 160
| #define NICKLEN (12+1)
| #define HAVE_DLFCN_H 1
| #define HAVE_DLOPEN 1
| /* end confdefs.h.  */
| /* Define dlfunc to an innocuous variant, in case <limits.h> declares dlfunc.
|    For example, HP-UX 11i <limits.h> declares gettimeofday.  */
| #define dlfunc innocuous_dlfunc
| 
| /* System header to define __stub macros and hopefully few prototypes,
|     which can conflict with char dlfunc (); below.
|     Prefer <limits.h> to <assert.h> if __STDC__ is defined, since
|     <limits.h> exists even on freestanding compilers.  */
| 
| #ifdef __STDC__
| # include <limits.h>
| #else
| # include <assert.h>
| #endif
| 
| #undef dlfunc
| 
| /* Override any GCC internal prototype to avoid an error.
|    Use char because int might match the return type of a GCC
|    builtin and then its argument prototype would still apply.  */
| #ifdef __cplusplus
| extern "C"
| #endif
| char dlfunc ();
| /* The GNU C library defines this for functions which it implements
|     to always fail with ENOSYS.  Some functions are actually named
|     something starting with __ and the normal name is an alias.  */
| #if defined __stub_dlfunc || defined __stub___dlfunc
| choke me
| #endif
| 
| int
| main ()
| {
| return dlfunc ();
|   ;
|   return 0;
| }
configure:11905: result: no
configure:11809: checking for dlinfo
configure:11865: gcc -o conftest    conftest.c -ldl -lcrypt  >&5
configure:11871: $? = 0
configure:11878: test -z "$ac_c_werror_flag" || test ! -s conftest.err
configure:11881: $? = 0
configure:11888: test -s conftest
configure:11891: $? = 0
configure:11905: result: yes
configure:11937: checking for the ld -export-dynamic flag
configure:11961: gcc -o conftest    -Wl,-export-dynamic conftest.c -ldl -lcrypt  >&5
configure:11967: $? = 0
configure:11974: test -z "$ac_c_werror_flag" || test ! -s conftest.err
configure:11977: $? = 0
configure:11984: test -s conftest
configure:11987: $? = 0
configure:12006: result: yes
configure:12013: checking for compiler option to produce PIC
configure:12052: result: gcc: -fPIC -DPIC -shared
configure:12212: creating ./config.status

## ---------------------- ##
## Running config.status. ##
## ---------------------- ##

This file was extended by ircd-hybrid config.status 7.2.2, which was
generated by GNU Autoconf 2.60.  Invocation command line was

  CONFIG_FILES    = 
  CONFIG_HEADERS  = 
  CONFIG_LINKS    = 
  CONFIG_COMMANDS = 
  $ ./config.status 

on sponji.wtf.im

config.status:625: creating Makefile
config.status:625: creating etc/Makefile
config.status:625: creating servlink/Makefile
config.status:625: creating contrib/Makefile
config.status:625: creating contrib/help/Makefile
config.status:625: creating src/Makefile
config.status:625: creating messages/Makefile
config.status:625: creating modules/Makefile
config.status:625: creating tools/Makefile
config.status:625: creating doc/Makefile
config.status:625: creating help/Makefile
config.status:625: creating lib/Makefile
config.status:625: creating lib/pcre/Makefile
config.status:625: creating include/setup.h

## ---------------- ##
## Cache variables. ##
## ---------------- ##

ac_cv_c_bigendian=no
ac_cv_c_compiler_gnu=yes
ac_cv_c_inline=inline
ac_cv_env_CC_set=
ac_cv_env_CC_value=
ac_cv_env_CFLAGS_set=
ac_cv_env_CFLAGS_value=
ac_cv_env_CPPFLAGS_set=
ac_cv_env_CPPFLAGS_value=
ac_cv_env_CPP_set=
ac_cv_env_CPP_value=
ac_cv_env_LDFLAGS_set=
ac_cv_env_LDFLAGS_value=
ac_cv_env_build_alias_set=
ac_cv_env_build_alias_value=
ac_cv_env_host_alias_set=
ac_cv_env_host_alias_value=
ac_cv_env_target_alias_set=
ac_cv_env_target_alias_value=
ac_cv_func_EVP_bf_cfb=no
ac_cv_func_EVP_cast5_cfb=no
ac_cv_func_EVP_des_cfb=no
ac_cv_func_EVP_des_ede3_cfb=no
ac_cv_func_EVP_idea_cfb=no
ac_cv_func_EVP_rc5_32_12_16_cfb=no
ac_cv_func_basename=yes
ac_cv_func_dlfunc=no
ac_cv_func_dlinfo=yes
ac_cv_func_dlsym=yes
ac_cv_func_kevent=no
ac_cv_func_lrand48=yes
ac_cv_func_mmap=yes
ac_cv_func_snprintf=yes
ac_cv_func_socketpair=yes
ac_cv_func_srand48=yes
ac_cv_func_strtok_r=yes
ac_cv_func_usleep=yes
ac_cv_func_vsnprintf=yes
ac_cv_header_crypt_h=yes
ac_cv_header_dlfcn_h=yes
ac_cv_header_errno_h=yes
ac_cv_header_inttypes_h=yes
ac_cv_header_libgen_h=yes
ac_cv_header_link_h=yes
ac_cv_header_memory_h=yes
ac_cv_header_stdarg_h=yes
ac_cv_header_stdc=yes
ac_cv_header_stddef_h=yes
ac_cv_header_stdint_h=yes
ac_cv_header_stdlib_h=yes
ac_cv_header_string_h=yes
ac_cv_header_strings_h=yes
ac_cv_header_sys_epoll_h=yes
ac_cv_header_sys_param_h=yes
ac_cv_header_sys_resource_h=yes
ac_cv_header_sys_stat_h=yes
ac_cv_header_sys_syslog_h=yes
ac_cv_header_sys_types_h=yes
ac_cv_header_sys_wait_h=yes
ac_cv_header_unistd_h=yes
ac_cv_header_wait_h=yes
ac_cv_header_zlib_h=yes
ac_cv_lib_crypto_RSA_free=yes
ac_cv_lib_z_zlibVersion=yes
ac_cv_objext=o
ac_cv_path_AR=/usr/bin/ar
ac_cv_path_CP=/bin/cp
ac_cv_path_EGREP='/bin/grep -E'
ac_cv_path_GREP=/bin/grep
ac_cv_path_LD=/usr/bin/ld
ac_cv_path_LN=/bin/ln
ac_cv_path_MV=/bin/mv
ac_cv_path_RM=/bin/rm
ac_cv_path_SED=/bin/sed
ac_cv_path_TEST=/usr/bin/test
ac_cv_path_install='/usr/bin/install -c'
ac_cv_prog_CPP='gcc -E'
ac_cv_prog_ac_ct_CC=gcc
ac_cv_prog_cc_c89=
ac_cv_prog_cc_g=yes
ac_cv_prog_gcc_traditional=no
ac_cv_prog_make_make_set=yes
ac_cv_search_crypt=-lcrypt
ac_cv_search_dlopen=-ldl
ac_cv_search_inet_aton='none required'
ac_cv_search_inet_ntop='none required'
ac_cv_search_inet_pton='none required'
ac_cv_search_shl_load=no
ac_cv_search_socket='none required'
ac_cv_search_strerror='none required'
ac_cv_sizeof_int64_t=8
ac_cv_sizeof_long_long=8
ac_cv_type_in_port_t=yes
ac_cv_type_int64_t=yes
ac_cv_type_long_long=yes
ac_cv_type_sa_family_t=yes
ac_cv_type_socklen_t=yes
ac_cv_type_struct_addrinfo=yes
ac_cv_type_struct_sockaddr_storage=yes
ac_cv_type_u_int16_t=yes
ac_cv_type_u_int32_t=yes
ac_cv_type_uint64_t=yes
gcc_cv_header_string=yes

## ----------------- ##
## Output variables. ##
## ----------------- ##

AR='/usr/bin/ar'
BALLOC_C='balloc.c'
CC='gcc'
CFLAGS=''
CLOBBER=''
CP='/bin/cp'
CPP='gcc -E'
CPPFLAGS=''
CRYPT_C=''
CRYPT_LIB='-lcrypt'
DEFS='-DHAVE_CONFIG_H'
DYNLINK_C='dynlink.c'
ECHO_C=''
ECHO_N='-n'
ECHO_T=''
EGREP='/bin/grep -E'
ENCSPEED='encspeed'
EXAMPLE_CONF='example.conf'
EXEEXT=''
GREP='/bin/grep'
INET_MISC=''
INSTALL_DATA='${INSTALL} -m 644'
INSTALL_PROGRAM='${INSTALL}'
INSTALL_SCRIPT='${INSTALL}'
IRC_CFLAGS=' -Wall -O2 -g'
LD='/usr/bin/ld'
LDFLAGS=' -Wl,-export-dynamic'
LIBOBJS=''
LIBS='-ldl -lcrypt '
LN='/bin/ln'
LTLIBOBJS=''
MAKEDEPEND=''
MKDEP='gcc -MM'
MODULES_LIBS=''
MOD_TARGET='shared_modules'
MV='/bin/mv'
OBJEXT='o'
PACKAGE_BUGREPORT=''
PACKAGE_NAME='ircd-hybrid'
PACKAGE_STRING='ircd-hybrid 7.2.2'
PACKAGE_TARNAME='ircd-hybrid'
PACKAGE_VERSION='7.2.2'
PATH_SEPARATOR=':'
PICFLAGS='-fPIC -DPIC -shared'
RM='/bin/rm'
SED='/bin/sed'
SEDOBJ='s/\.o/.so/g'
SELECT_TYPE='epoll'
SET_MAKE=''
SHELL='/bin/bash'
SNPRINTF_C=''
SSL_INCLUDES=''
SSL_LIBS=' -lssl -lcrypto'
SSL_SRCS_ENABLE='$(SSL_SRCS)'
STDOUT='> .depend'
TEST='/usr/bin/test'
ZLIB_LD='-lz'
ac_ct_CC='gcc'
bindir='${exec_prefix}/bin'
build_alias=''
datadir='${datarootdir}'
datarootdir='${prefix}/share'
docdir='${datarootdir}/doc/${PACKAGE_TARNAME}'
dvidir='${docdir}'
exec_prefix='${prefix}'
host_alias=''
htmldir='${docdir}'
includedir='${prefix}/include'
infodir='${datarootdir}/info'
libdir='${exec_prefix}/lib'
libexecdir='${bindir}'
localedir='${datarootdir}/locale'
localstatedir='${prefix}'
mandir='${datarootdir}/man'
oldincludedir='/usr/include'
pdfdir='${docdir}'
prefix='/home/pi/eircd'
program_transform_name='s,x,x,'
psdir='${docdir}'
sbindir='${exec_prefix}/sbin'
sharedstatedir='${prefix}/com'
sysconfdir='${prefix}/etc'
target_alias=''

## ----------- ##
## confdefs.h. ##
## ----------- ##

#define PACKAGE_NAME "ircd-hybrid"
#define PACKAGE_TARNAME "ircd-hybrid"
#define PACKAGE_VERSION "7.2.2"
#define PACKAGE_STRING "ircd-hybrid 7.2.2"
#define PACKAGE_BUGREPORT ""
#define _GNU_SOURCE 1
#define PATH_DEVNULL "/dev/null"
#define STDC_HEADERS 1
#define HAVE_SYS_TYPES_H 1
#define HAVE_SYS_STAT_H 1
#define HAVE_STDLIB_H 1
#define HAVE_STRING_H 1
#define HAVE_MEMORY_H 1
#define HAVE_STRINGS_H 1
#define HAVE_INTTYPES_H 1
#define HAVE_STDINT_H 1
#define HAVE_UNISTD_H 1
#define HAVE_CRYPT_H 1
#define HAVE_INTTYPES_H 1
#define HAVE_STDINT_H 1
#define HAVE_SYS_RESOURCE_H 1
#define HAVE_SYS_PARAM_H 1
#define HAVE_ERRNO_H 1
#define HAVE_SYS_SYSLOG_H 1
#define HAVE_STDDEF_H 1
#define HAVE_LIBGEN_H 1
#define HAVE_SYS_WAIT_H 1
#define HAVE_WAIT_H 1
#define HAVE_LINK_H 1
#define HAVE_STRUCT_SOCKADDR_STORAGE 1
#define HAVE_STRUCT_ADDRINFO 1
#define IPV6 1
#define STRING_WITH_STRINGS 1
#define SIZEOF_INT64_T 8
#define SIZEOF_LONG_LONG 8
#define HAVE_SOCKETPAIR 1
#define HAVE_BASENAME 1
#define HAVE_MMAP 1
#define HAVE_SNPRINTF 1
#define HAVE_VSNPRINTF 1
#define HAVE_LRAND48 1
#define HAVE_SRAND48 1
#define HAVE_STRTOK_R 1
#define HAVE_USLEEP 1
#define HAVE_LIBCRYPTO 1
#define HAVE_LIBZ 1
#define SELECT_TYPE "epoll"
#define NDEBUG 1
#define NICKNAMEHISTORYLENGTH 15000
#define CHANNEL_HEAP_SIZE 1024
#define BAN_HEAP_SIZE 1024
#define CLIENT_HEAP_SIZE 1024
#define LCLIENT_HEAP_SIZE 512
#define DNODE_HEAP_SIZE 2048
#define TOPIC_HEAP_SIZE 1024
#define DBUF_HEAP_SIZE 512
#define INVARIANTS 1
#define GLINE_VOTING 1
#define TOPICLEN 160
#define NICKLEN (12+1)
#define HAVE_DLFCN_H 1
#define HAVE_DLOPEN 1
#define HAVE_DLINFO 1
#define SHARED_SUFFIX ".so"
#define IRCD_PREFIX "/home/pi/eircd"

configure: exit 0
